Using pre-set license
Built from '2021.2/staging' branch; Version is '2021.2.19f1 (602ecdbb2fb0) revision 6303437'; Using compiler version '192829333'; Build Type 'Release'
OS: 'Windows 10  (10.0.19044) 64bit Core' Language: 'en' Physical Memory: 16335 MB
BatchMode: 1, IsHumanControllingUs: 0, StartBugReporterOnCrash: 0, Is64bit: 1, IsPro: 1

COMMAND LINE ARGUMENTS:
C:\Program Files\Unity\Hub\Editor\2021.2.19f1\Editor\Unity.exe
-adb2
-batchMode
-noUpm
-name
AssetImportWorker1
-projectPath
C:/Users/De_Mirage/Desktop/Other/Projects i guess/Backroom Git/Backroom/Summer Game 2022
-logFile
Logs/AssetImportWorker1.log
-srvPort
49919
Successfully changed project path to: C:/Users/De_Mirage/Desktop/Other/Projects i guess/Backroom Git/Backroom/Summer Game 2022
C:/Users/De_Mirage/Desktop/Other/Projects i guess/Backroom Git/Backroom/Summer Game 2022
[UnityMemory] Configuration Parameters - Can be set up in boot.config
    "memorysetup-bucket-allocator-granularity=16"
    "memorysetup-bucket-allocator-bucket-count=8"
    "memorysetup-bucket-allocator-block-size=33554432"
    "memorysetup-bucket-allocator-block-count=8"
    "memorysetup-main-allocator-block-size=16777216"
    "memorysetup-thread-allocator-block-size=16777216"
    "memorysetup-gfx-main-allocator-block-size=16777216"
    "memorysetup-gfx-thread-allocator-block-size=16777216"
    "memorysetup-cache-allocator-block-size=4194304"
    "memorysetup-typetree-allocator-block-size=2097152"
    "memorysetup-profiler-bucket-allocator-granularity=16"
    "memorysetup-profiler-bucket-allocator-bucket-count=8"
    "memorysetup-profiler-bucket-allocator-block-size=33554432"
    "memorysetup-profiler-bucket-allocator-block-count=8"
    "memorysetup-profiler-allocator-block-size=16777216"
    "memorysetup-profiler-editor-allocator-block-size=1048576"
    "memorysetup-temp-allocator-size-main=16777216"
    "memorysetup-job-temp-allocator-block-size=2097152"
    "memorysetup-job-temp-allocator-block-size-background=1048576"
    "memorysetup-job-temp-allocator-reduction-small-platforms=262144"
    "memorysetup-temp-allocator-size-background-worker=32768"
    "memorysetup-temp-allocator-size-job-worker=262144"
    "memorysetup-temp-allocator-size-preload-manager=33554432"
    "memorysetup-temp-allocator-size-nav-mesh-worker=65536"
    "memorysetup-temp-allocator-size-audio-worker=65536"
    "memorysetup-temp-allocator-size-cloud-worker=32768"
    "memorysetup-temp-allocator-size-gi-baking-worker=262144"
    "memorysetup-temp-allocator-size-gfx=262144"
Refreshing native plugins compatible for Editor in 248.71 ms, found 3 plugins.
Preloading 0 native plugins for Editor in 0.00 ms.
Initialize engine version: 2021.2.19f1 (602ecdbb2fb0)
[Subsystems] Discovering subsystems at path C:/Program Files/Unity/Hub/Editor/2021.2.19f1/Editor/Data/Resources/UnitySubsystems
[Subsystems] Discovering subsystems at path C:/Users/De_Mirage/Desktop/Other/Projects i guess/Backroom Git/Backroom/Summer Game 2022/Assets
GfxDevice: creating device client; threaded=0; jobified=0
Direct3D:
    Version:  Direct3D 11.0 [level 11.1]
    Renderer: Radeon RX 580 Series (ID=0x67df)
    Vendor:   ATI
    VRAM:     8170 MB
    Driver:   30.0.15021.11005
Initialize mono
Mono path[0] = 'C:/Program Files/Unity/Hub/Editor/2021.2.19f1/Editor/Data/Managed'
Mono path[1] = 'C:/Program Files/Unity/Hub/Editor/2021.2.19f1/Editor/Data/MonoBleedingEdge/lib/mono/unityjit-win32'
Mono config path = 'C:/Program Files/Unity/Hub/Editor/2021.2.19f1/Editor/Data/MonoBleedingEdge/etc'
Using monoOptions --debugger-agent=transport=dt_socket,embedding=1,server=y,suspend=n,address=127.0.0.1:56004
Begin MonoManager ReloadAssembly
Registering precompiled unity dll's ...
Register platform support module: C:/Program Files/Unity/Hub/Editor/2021.2.19f1/Editor/Data/PlaybackEngines/WebGLSupport/UnityEditor.WebGL.Extensions.dll
Register platform support module: C:/Program Files/Unity/Hub/Editor/2021.2.19f1/Editor/Data/PlaybackEngines/AndroidPlayer/UnityEditor.Android.Extensions.dll
Register platform support module: C:/Program Files/Unity/Hub/Editor/2021.2.19f1/Editor/Data/PlaybackEngines/WindowsStandaloneSupport/UnityEditor.WindowsStandalone.Extensions.dll
Register platform support module: C:/Program Files/Unity/Hub/Editor/2021.2.19f1/Editor/Data/PlaybackEngines/MetroSupport/UnityEditor.UWP.Extensions.dll
Registered in 0.020563 seconds.
Native extension for UWP target not found
Native extension for WindowsStandalone target not found
Native extension for Android target not found
Native extension for WebGL target not found
Refreshing native plugins compatible for Editor in 203.68 ms, found 3 plugins.
Preloading 0 native plugins for Editor in 0.00 ms.
Mono: successfully reloaded assembly
- Completed reload, in  1.214 seconds
Domain Reload Profiling:
	ReloadAssembly (1215ms)
		BeginReloadAssembly (123ms)
			ExecutionOrderSort (0ms)
			DisableScriptedObjects (0ms)
			BackupInstance (0ms)
			ReleaseScriptingObjects (0ms)
			CreateAndSetChildDomain (1ms)
		EndReloadAssembly (898ms)
			LoadAssemblies (121ms)
			RebuildTransferFunctionScriptingTraits (0ms)
			SetupTypeCache (189ms)
			ReleaseScriptCaches (0ms)
			RebuildScriptCaches (49ms)
			SetupLoadedEditorAssemblies (563ms)
				LogAssemblyErrors (0ms)
				InitializePlatformSupportModulesInManaged (84ms)
				SetLoadedEditorAssemblies (0ms)
				RefreshPlugins (204ms)
				BeforeProcessingInitializeOnLoad (2ms)
				ProcessInitializeOnLoadAttributes (200ms)
				ProcessInitializeOnLoadMethodAttributes (73ms)
				AfterProcessingInitializeOnLoad (0ms)
				EditorAssembliesLoaded (0ms)
			ExecutionOrderSort2 (0ms)
			AwakeInstancesAfterBackupRestoration (0ms)
Platform modules already initialized, skipping
Registering precompiled user dll's ...
Registered in 0.012892 seconds.
Begin MonoManager ReloadAssembly
Symbol file LoadedFromMemory doesn't match image C:\Users\De_Mirage\Desktop\Other\Projects i guess\Backroom Git\Backroom\Summer Game 2022\Library\PackageCache\com.unity.visualscripting@1.7.6\Editor\VisualScripting.Core\Dependencies\YamlDotNet\Unity.VisualScripting.YamlDotNet.dll
Symbol file LoadedFromMemory is not a mono symbol file
Symbol file LoadedFromMemory doesn't match image C:\Users\De_Mirage\Desktop\Other\Projects i guess\Backroom Git\Backroom\Summer Game 2022\Library\PackageCache\com.unity.visualscripting@1.7.6\Editor\VisualScripting.Core\Dependencies\DotNetZip\Unity.VisualScripting.IonicZip.dll
Native extension for UWP target not found
Native extension for WindowsStandalone target not found
Native extension for Android target not found
Native extension for WebGL target not found
Refreshing native plugins compatible for Editor in 212.61 ms, found 3 plugins.
Preloading 0 native plugins for Editor in 0.00 ms.
Mono: successfully reloaded assembly
- Completed reload, in  2.578 seconds
Domain Reload Profiling:
	ReloadAssembly (2580ms)
		BeginReloadAssembly (193ms)
			ExecutionOrderSort (0ms)
			DisableScriptedObjects (10ms)
			BackupInstance (0ms)
			ReleaseScriptingObjects (0ms)
			CreateAndSetChildDomain (34ms)
		EndReloadAssembly (2187ms)
			LoadAssemblies (181ms)
			RebuildTransferFunctionScriptingTraits (0ms)
			SetupTypeCache (530ms)
			ReleaseScriptCaches (1ms)
			RebuildScriptCaches (127ms)
			SetupLoadedEditorAssemblies (1283ms)
				LogAssemblyErrors (0ms)
				InitializePlatformSupportModulesInManaged (25ms)
				SetLoadedEditorAssemblies (0ms)
				RefreshPlugins (213ms)
				BeforeProcessingInitializeOnLoad (233ms)
				ProcessInitializeOnLoadAttributes (508ms)
				ProcessInitializeOnLoadMethodAttributes (285ms)
				AfterProcessingInitializeOnLoad (19ms)
				EditorAssembliesLoaded (0ms)
			ExecutionOrderSort2 (0ms)
			AwakeInstancesAfterBackupRestoration (11ms)
Platform modules already initialized, skipping
========================================================================
Worker process is ready to serve import requests
Launched and connected shader compiler UnityShaderCompiler.exe after 0.08 seconds
Refreshing native plugins compatible for Editor in 2.02 ms, found 3 plugins.
Preloading 0 native plugins for Editor in 0.00 ms.
Unloading 6086 Unused Serialized files (Serialized files now loaded: 0)
Unloading 50 unused Assets / (3.8 MB). Loaded Objects now: 6539.
Memory consumption went from 276.4 MB to 272.6 MB.
Total: 6.978200 ms (FindLiveObjects: 0.743000 ms CreateObjectMapping: 0.415600 ms MarkObjects: 4.445400 ms  DeleteObjects: 1.372000 ms)

AssetImportParameters requested are different than current active one (requested -> active):
  custom:video-decoder-ogg-theora: a1e56fd34408186e4bbccfd4996cb3dc -> 
  custom:container-muxer-webm: aa71ff27fc2769a1b78a27578f13a17b -> 
  custom:container-demuxer-webm: 4f35f7cbe854078d1ac9338744f61a02 -> 
  custom:video-encoder-webm-vp8: eb34c28f22e8b96e1ab97ce403110664 -> 
  custom:audio-encoder-webm-vorbis: bf7c407c2cedff20999df2af8eb42d56 -> 
  custom:framework-win-MediaFoundation: 216162199b28c13a410421893ffa2e32 -> 
  custom:container-demuxer-ogg: 62fdf1f143b41e24485cea50d1cbac27 -> 
  custom:video-decoder-webm-vp8: 9c59270c3fd7afecdb556c50c9e8de78 -> 
  custom:audio-decoder-ogg-vorbis: bf7c407c2cedff20999df2af8eb42d56 -> 
========================================================================
Received Prepare
Registering precompiled user dll's ...
Registered in 0.013565 seconds.
Begin MonoManager ReloadAssembly
Symbol file LoadedFromMemory doesn't match image C:\Users\De_Mirage\Desktop\Other\Projects i guess\Backroom Git\Backroom\Summer Game 2022\Library\PackageCache\com.unity.visualscripting@1.7.6\Editor\VisualScripting.Core\Dependencies\YamlDotNet\Unity.VisualScripting.YamlDotNet.dll
Symbol file LoadedFromMemory is not a mono symbol file
Symbol file LoadedFromMemory doesn't match image C:\Users\De_Mirage\Desktop\Other\Projects i guess\Backroom Git\Backroom\Summer Game 2022\Library\PackageCache\com.unity.visualscripting@1.7.6\Editor\VisualScripting.Core\Dependencies\DotNetZip\Unity.VisualScripting.IonicZip.dll
Native extension for UWP target not found
Native extension for WindowsStandalone target not found
Native extension for Android target not found
Native extension for WebGL target not found
Refreshing native plugins compatible for Editor in 1.19 ms, found 3 plugins.
Preloading 0 native plugins for Editor in 0.00 ms.
Instance of FusionRoot couldn't be created because there is no script with that name.
UnityEngine.StackTraceUtility:ExtractStackTrace ()
UnityEngine.ScriptableObject:CreateInstance (string)
KS.SceneFusion.sfPaths:FindFusionRoot ()
KS.SceneFusion.sfPaths:get_FusionRoot ()
KS.SceneFusion.Client.Editor.PluginExtensionManager:GetAsmdefAssetPath (string)
KS.SceneFusion.Client.Editor.PluginExtensionManager:UpdateReferencesToPluginAssemblies (string,string[],bool)
KS.SceneFusion.API.sfUtility:RemovePluginReferences (string,string[])
KS.SceneFusion.Extensions.ProBuilderExtension:.cctor () (at Assets/KinematicSoup/SceneFusion/Extensions/ProBuilder/Editor/ProBuilderExtension.cs:294)
System.Runtime.CompilerServices.RuntimeHelpers:RunClassConstructor (System.RuntimeTypeHandle)
UnityEditor.EditorAssemblies:ProcessInitializeOnLoadAttributes (System.Type[])

[Assets/KinematicSoup/SceneFusion/Extensions/ProBuilder/Editor/ProBuilderExtension.cs line 294]

[ERROR; KS.SceneFusion.sfPaths] Error detecting Scene Fusion folder: Unable to load script FusionRoot. Setting Scene Fusion folder to Assets/KinematicSoup/SceneFusion/
UnityEngine.StackTraceUtility:ExtractStackTrace ()
UnityEngine.DebugLogHandler:LogFormat (UnityEngine.LogType,UnityEngine.Object,string,object[])
UnityEngine.Logger:Log (UnityEngine.LogType,object,UnityEngine.Object)
UnityEngine.Debug:LogError (object,UnityEngine.Object)
KS.Reactor.ksLog:LogToUnity (KS.Reactor.ksLog/Level,string,string,object,int,int)
KS.Reactor.ksLog:LogToUnity (KS.Reactor.ksLog/Level,string,string,System.Exception,object)
KS.Reactor.ksLog:HandleLog (string,string,string,System.Exception,KS.Reactor.ksLog/Level,object)
KS.Reactor.ksLog:Log<string> (string,string,System.Exception,KS.Reactor.ksLog/Level,object)
KS.Reactor.ksLog:Error<string> (string,string)
KS.SceneFusion.sfPaths:UseDefaultFusionFolder (string)
KS.SceneFusion.sfPaths:FindFusionRoot ()
KS.SceneFusion.sfPaths:get_FusionRoot ()
KS.SceneFusion.Client.Editor.PluginExtensionManager:GetAsmdefAssetPath (string)
KS.SceneFusion.Client.Editor.PluginExtensionManager:UpdateReferencesToPluginAssemblies (string,string[],bool)
KS.SceneFusion.API.sfUtility:RemovePluginReferences (string,string[])
KS.SceneFusion.Extensions.ProBuilderExtension:.cctor () (at Assets/KinematicSoup/SceneFusion/Extensions/ProBuilder/Editor/ProBuilderExtension.cs:294)
System.Runtime.CompilerServices.RuntimeHelpers:RunClassConstructor (System.RuntimeTypeHandle)
UnityEditor.EditorAssemblies:ProcessInitializeOnLoadAttributes (System.Type[])

(Filename: Assets/KinematicSoup/SceneFusion/Extensions/ProBuilder/Editor/ProBuilderExtension.cs Line: 294)

Mono: successfully reloaded assembly
- Completed reload, in  2.122 seconds
Domain Reload Profiling:
	ReloadAssembly (2123ms)
		BeginReloadAssembly (268ms)
			ExecutionOrderSort (0ms)
			DisableScriptedObjects (10ms)
			BackupInstance (0ms)
			ReleaseScriptingObjects (0ms)
			CreateAndSetChildDomain (77ms)
		EndReloadAssembly (1683ms)
			LoadAssemblies (174ms)
			RebuildTransferFunctionScriptingTraits (0ms)
			SetupTypeCache (604ms)
			ReleaseScriptCaches (4ms)
			RebuildScriptCaches (124ms)
			SetupLoadedEditorAssemblies (666ms)
				LogAssemblyErrors (0ms)
				InitializePlatformSupportModulesInManaged (33ms)
				SetLoadedEditorAssemblies (1ms)
				RefreshPlugins (1ms)
				BeforeProcessingInitializeOnLoad (136ms)
				ProcessInitializeOnLoadAttributes (425ms)
				ProcessInitializeOnLoadMethodAttributes (53ms)
				AfterProcessingInitializeOnLoad (16ms)
				EditorAssembliesLoaded (0ms)
			ExecutionOrderSort2 (0ms)
			AwakeInstancesAfterBackupRestoration (22ms)
Platform modules already initialized, skipping
Refreshing native plugins compatible for Editor in 5.55 ms, found 3 plugins.
Preloading 0 native plugins for Editor in 0.00 ms.
Unloading 5802 Unused Serialized files (Serialized files now loaded: 0)
Unloading 55 unused Assets / (4.0 MB). Loaded Objects now: 6588.
Memory consumption went from 262.6 MB to 258.6 MB.
Total: 9.405800 ms (FindLiveObjects: 0.618100 ms CreateObjectMapping: 0.352400 ms MarkObjects: 5.749500 ms  DeleteObjects: 2.683100 ms)

AssetImportParameters requested are different than current active one (requested -> active):
  custom:video-decoder-ogg-theora: a1e56fd34408186e4bbccfd4996cb3dc -> 
  custom:container-muxer-webm: aa71ff27fc2769a1b78a27578f13a17b -> 
  custom:container-demuxer-webm: 4f35f7cbe854078d1ac9338744f61a02 -> 
  custom:video-encoder-webm-vp8: eb34c28f22e8b96e1ab97ce403110664 -> 
  custom:audio-encoder-webm-vorbis: bf7c407c2cedff20999df2af8eb42d56 -> 
  custom:framework-win-MediaFoundation: 216162199b28c13a410421893ffa2e32 -> 
  custom:container-demuxer-ogg: 62fdf1f143b41e24485cea50d1cbac27 -> 
  custom:video-decoder-webm-vp8: 9c59270c3fd7afecdb556c50c9e8de78 -> 
  custom:audio-decoder-ogg-vorbis: bf7c407c2cedff20999df2af8eb42d56 -> 
========================================================================
Received Prepare
Registering precompiled user dll's ...
Registered in 0.016297 seconds.
Begin MonoManager ReloadAssembly
Symbol file LoadedFromMemory doesn't match image C:\Users\De_Mirage\Desktop\Other\Projects i guess\Backroom Git\Backroom\Summer Game 2022\Library\PackageCache\com.unity.visualscripting@1.7.6\Editor\VisualScripting.Core\Dependencies\YamlDotNet\Unity.VisualScripting.YamlDotNet.dll
Symbol file LoadedFromMemory is not a mono symbol file
Symbol file LoadedFromMemory doesn't match image C:\Users\De_Mirage\Desktop\Other\Projects i guess\Backroom Git\Backroom\Summer Game 2022\Library\PackageCache\com.unity.visualscripting@1.7.6\Editor\VisualScripting.Core\Dependencies\DotNetZip\Unity.VisualScripting.IonicZip.dll
Native extension for UWP target not found
Native extension for WindowsStandalone target not found
Native extension for Android target not found
Native extension for WebGL target not found
Refreshing native plugins compatible for Editor in 1.56 ms, found 3 plugins.
Preloading 0 native plugins for Editor in 0.00 ms.
Instance of FusionRoot couldn't be created because there is no script with that name.
UnityEngine.StackTraceUtility:ExtractStackTrace ()
UnityEngine.ScriptableObject:CreateInstance (string)
KS.SceneFusion.sfPaths:FindFusionRoot ()
KS.SceneFusion.sfPaths:get_FusionRoot ()
KS.SceneFusion.Client.Editor.PluginExtensionManager:GetAsmdefAssetPath (string)
KS.SceneFusion.Client.Editor.PluginExtensionManager:UpdateReferencesToPluginAssemblies (string,string[],bool)
KS.SceneFusion.API.sfUtility:RemovePluginReferences (string,string[])
KS.SceneFusion.Extensions.ProBuilderExtension:.cctor () (at Assets/KinematicSoup/SceneFusion/Extensions/ProBuilder/Editor/ProBuilderExtension.cs:294)
System.Runtime.CompilerServices.RuntimeHelpers:RunClassConstructor (System.RuntimeTypeHandle)
UnityEditor.EditorAssemblies:ProcessInitializeOnLoadAttributes (System.Type[])

[Assets/KinematicSoup/SceneFusion/Extensions/ProBuilder/Editor/ProBuilderExtension.cs line 294]

[ERROR; KS.SceneFusion.sfPaths] Error detecting Scene Fusion folder: Unable to load script FusionRoot. Setting Scene Fusion folder to Assets/KinematicSoup/SceneFusion/
UnityEngine.StackTraceUtility:ExtractStackTrace ()
UnityEngine.DebugLogHandler:LogFormat (UnityEngine.LogType,UnityEngine.Object,string,object[])
UnityEngine.Logger:Log (UnityEngine.LogType,object,UnityEngine.Object)
UnityEngine.Debug:LogError (object,UnityEngine.Object)
KS.Reactor.ksLog:LogToUnity (KS.Reactor.ksLog/Level,string,string,object,int,int)
KS.Reactor.ksLog:LogToUnity (KS.Reactor.ksLog/Level,string,string,System.Exception,object)
KS.Reactor.ksLog:HandleLog (string,string,string,System.Exception,KS.Reactor.ksLog/Level,object)
KS.Reactor.ksLog:Log<string> (string,string,System.Exception,KS.Reactor.ksLog/Level,object)
KS.Reactor.ksLog:Error<string> (string,string)
KS.SceneFusion.sfPaths:UseDefaultFusionFolder (string)
KS.SceneFusion.sfPaths:FindFusionRoot ()
KS.SceneFusion.sfPaths:get_FusionRoot ()
KS.SceneFusion.Client.Editor.PluginExtensionManager:GetAsmdefAssetPath (string)
KS.SceneFusion.Client.Editor.PluginExtensionManager:UpdateReferencesToPluginAssemblies (string,string[],bool)
KS.SceneFusion.API.sfUtility:RemovePluginReferences (string,string[])
KS.SceneFusion.Extensions.ProBuilderExtension:.cctor () (at Assets/KinematicSoup/SceneFusion/Extensions/ProBuilder/Editor/ProBuilderExtension.cs:294)
System.Runtime.CompilerServices.RuntimeHelpers:RunClassConstructor (System.RuntimeTypeHandle)
UnityEditor.EditorAssemblies:ProcessInitializeOnLoadAttributes (System.Type[])

(Filename: Assets/KinematicSoup/SceneFusion/Extensions/ProBuilder/Editor/ProBuilderExtension.cs Line: 294)

Mono: successfully reloaded assembly
- Completed reload, in  2.134 seconds
Domain Reload Profiling:
	ReloadAssembly (2135ms)
		BeginReloadAssembly (261ms)
			ExecutionOrderSort (0ms)
			DisableScriptedObjects (9ms)
			BackupInstance (0ms)
			ReleaseScriptingObjects (0ms)
			CreateAndSetChildDomain (73ms)
		EndReloadAssembly (1643ms)
			LoadAssemblies (176ms)
			RebuildTransferFunctionScriptingTraits (0ms)
			SetupTypeCache (539ms)
			ReleaseScriptCaches (3ms)
			RebuildScriptCaches (98ms)
			SetupLoadedEditorAssemblies (709ms)
				LogAssemblyErrors (0ms)
				InitializePlatformSupportModulesInManaged (34ms)
				SetLoadedEditorAssemblies (1ms)
				RefreshPlugins (2ms)
				BeforeProcessingInitializeOnLoad (149ms)
				ProcessInitializeOnLoadAttributes (458ms)
				ProcessInitializeOnLoadMethodAttributes (49ms)
				AfterProcessingInitializeOnLoad (16ms)
				EditorAssembliesLoaded (0ms)
			ExecutionOrderSort2 (0ms)
			AwakeInstancesAfterBackupRestoration (29ms)
Platform modules already initialized, skipping
Refreshing native plugins compatible for Editor in 5.48 ms, found 3 plugins.
Preloading 0 native plugins for Editor in 0.00 ms.
Unloading 5802 Unused Serialized files (Serialized files now loaded: 0)
Unloading 55 unused Assets / (4.0 MB). Loaded Objects now: 6591.
Memory consumption went from 262.6 MB to 258.6 MB.
Total: 7.590300 ms (FindLiveObjects: 0.757900 ms CreateObjectMapping: 0.975400 ms MarkObjects: 4.468800 ms  DeleteObjects: 1.386300 ms)

AssetImportParameters requested are different than current active one (requested -> active):
  custom:video-decoder-ogg-theora: a1e56fd34408186e4bbccfd4996cb3dc -> 
  custom:container-muxer-webm: aa71ff27fc2769a1b78a27578f13a17b -> 
  custom:container-demuxer-webm: 4f35f7cbe854078d1ac9338744f61a02 -> 
  custom:video-encoder-webm-vp8: eb34c28f22e8b96e1ab97ce403110664 -> 
  custom:audio-encoder-webm-vorbis: bf7c407c2cedff20999df2af8eb42d56 -> 
  custom:framework-win-MediaFoundation: 216162199b28c13a410421893ffa2e32 -> 
  custom:container-demuxer-ogg: 62fdf1f143b41e24485cea50d1cbac27 -> 
  custom:video-decoder-webm-vp8: 9c59270c3fd7afecdb556c50c9e8de78 -> 
  custom:audio-decoder-ogg-vorbis: bf7c407c2cedff20999df2af8eb42d56 -> 
========================================================================
Received Prepare
Registering precompiled user dll's ...
Registered in 0.015494 seconds.
Begin MonoManager ReloadAssembly
Symbol file LoadedFromMemory doesn't match image C:\Users\De_Mirage\Desktop\Other\Projects i guess\Backroom Git\Backroom\Summer Game 2022\Library\PackageCache\com.unity.visualscripting@1.7.6\Editor\VisualScripting.Core\Dependencies\YamlDotNet\Unity.VisualScripting.YamlDotNet.dll
Symbol file LoadedFromMemory is not a mono symbol file
Symbol file LoadedFromMemory doesn't match image C:\Users\De_Mirage\Desktop\Other\Projects i guess\Backroom Git\Backroom\Summer Game 2022\Library\PackageCache\com.unity.visualscripting@1.7.6\Editor\VisualScripting.Core\Dependencies\DotNetZip\Unity.VisualScripting.IonicZip.dll
Native extension for UWP target not found
Native extension for WindowsStandalone target not found
Native extension for Android target not found
Native extension for WebGL target not found
Refreshing native plugins compatible for Editor in 1.15 ms, found 3 plugins.
Preloading 0 native plugins for Editor in 0.00 ms.
Instance of FusionRoot couldn't be created because there is no script with that name.
UnityEngine.StackTraceUtility:ExtractStackTrace ()
UnityEngine.ScriptableObject:CreateInstance (string)
KS.SceneFusion.sfPaths:FindFusionRoot ()
KS.SceneFusion.sfPaths:get_FusionRoot ()
KS.SceneFusion.Client.Editor.PluginExtensionManager:GetAsmdefAssetPath (string)
KS.SceneFusion.Client.Editor.PluginExtensionManager:UpdateReferencesToPluginAssemblies (string,string[],bool)
KS.SceneFusion.API.sfUtility:RemovePluginReferences (string,string[])
KS.SceneFusion.Extensions.ProBuilderExtension:.cctor () (at Assets/KinematicSoup/SceneFusion/Extensions/ProBuilder/Editor/ProBuilderExtension.cs:294)
System.Runtime.CompilerServices.RuntimeHelpers:RunClassConstructor (System.RuntimeTypeHandle)
UnityEditor.EditorAssemblies:ProcessInitializeOnLoadAttributes (System.Type[])

[Assets/KinematicSoup/SceneFusion/Extensions/ProBuilder/Editor/ProBuilderExtension.cs line 294]

[ERROR; KS.SceneFusion.sfPaths] Error detecting Scene Fusion folder: Unable to load script FusionRoot. Setting Scene Fusion folder to Assets/KinematicSoup/SceneFusion/
UnityEngine.StackTraceUtility:ExtractStackTrace ()
UnityEngine.DebugLogHandler:LogFormat (UnityEngine.LogType,UnityEngine.Object,string,object[])
UnityEngine.Logger:Log (UnityEngine.LogType,object,UnityEngine.Object)
UnityEngine.Debug:LogError (object,UnityEngine.Object)
KS.Reactor.ksLog:LogToUnity (KS.Reactor.ksLog/Level,string,string,object,int,int)
KS.Reactor.ksLog:LogToUnity (KS.Reactor.ksLog/Level,string,string,System.Exception,object)
KS.Reactor.ksLog:HandleLog (string,string,string,System.Exception,KS.Reactor.ksLog/Level,object)
KS.Reactor.ksLog:Log<string> (string,string,System.Exception,KS.Reactor.ksLog/Level,object)
KS.Reactor.ksLog:Error<string> (string,string)
KS.SceneFusion.sfPaths:UseDefaultFusionFolder (string)
KS.SceneFusion.sfPaths:FindFusionRoot ()
KS.SceneFusion.sfPaths:get_FusionRoot ()
KS.SceneFusion.Client.Editor.PluginExtensionManager:GetAsmdefAssetPath (string)
KS.SceneFusion.Client.Editor.PluginExtensionManager:UpdateReferencesToPluginAssemblies (string,string[],bool)
KS.SceneFusion.API.sfUtility:RemovePluginReferences (string,string[])
KS.SceneFusion.Extensions.ProBuilderExtension:.cctor () (at Assets/KinematicSoup/SceneFusion/Extensions/ProBuilder/Editor/ProBuilderExtension.cs:294)
System.Runtime.CompilerServices.RuntimeHelpers:RunClassConstructor (System.RuntimeTypeHandle)
UnityEditor.EditorAssemblies:ProcessInitializeOnLoadAttributes (System.Type[])

(Filename: Assets/KinematicSoup/SceneFusion/Extensions/ProBuilder/Editor/ProBuilderExtension.cs Line: 294)

Mono: successfully reloaded assembly
- Completed reload, in  2.123 seconds
Domain Reload Profiling:
	ReloadAssembly (2124ms)
		BeginReloadAssembly (207ms)
			ExecutionOrderSort (0ms)
			DisableScriptedObjects (7ms)
			BackupInstance (0ms)
			ReleaseScriptingObjects (0ms)
			CreateAndSetChildDomain (64ms)
		EndReloadAssembly (1756ms)
			LoadAssemblies (155ms)
			RebuildTransferFunctionScriptingTraits (0ms)
			SetupTypeCache (734ms)
			ReleaseScriptCaches (3ms)
			RebuildScriptCaches (107ms)
			SetupLoadedEditorAssemblies (628ms)
				LogAssemblyErrors (0ms)
				InitializePlatformSupportModulesInManaged (33ms)
				SetLoadedEditorAssemblies (1ms)
				RefreshPlugins (1ms)
				BeforeProcessingInitializeOnLoad (138ms)
				ProcessInitializeOnLoadAttributes (401ms)
				ProcessInitializeOnLoadMethodAttributes (38ms)
				AfterProcessingInitializeOnLoad (17ms)
				EditorAssembliesLoaded (0ms)
			ExecutionOrderSort2 (0ms)
			AwakeInstancesAfterBackupRestoration (24ms)
Platform modules already initialized, skipping
Refreshing native plugins compatible for Editor in 3.62 ms, found 3 plugins.
Preloading 0 native plugins for Editor in 0.00 ms.
Unloading 5804 Unused Serialized files (Serialized files now loaded: 0)
Unloading 55 unused Assets / (4.0 MB). Loaded Objects now: 6596.
Memory consumption went from 262.6 MB to 258.6 MB.
Total: 5.957100 ms (FindLiveObjects: 0.593000 ms CreateObjectMapping: 0.194600 ms MarkObjects: 4.126800 ms  DeleteObjects: 1.040400 ms)

AssetImportParameters requested are different than current active one (requested -> active):
  custom:video-decoder-ogg-theora: a1e56fd34408186e4bbccfd4996cb3dc -> 
  custom:container-muxer-webm: aa71ff27fc2769a1b78a27578f13a17b -> 
  custom:container-demuxer-webm: 4f35f7cbe854078d1ac9338744f61a02 -> 
  custom:video-encoder-webm-vp8: eb34c28f22e8b96e1ab97ce403110664 -> 
  custom:audio-encoder-webm-vorbis: bf7c407c2cedff20999df2af8eb42d56 -> 
  custom:framework-win-MediaFoundation: 216162199b28c13a410421893ffa2e32 -> 
  custom:container-demuxer-ogg: 62fdf1f143b41e24485cea50d1cbac27 -> 
  custom:video-decoder-webm-vp8: 9c59270c3fd7afecdb556c50c9e8de78 -> 
  custom:audio-decoder-ogg-vorbis: bf7c407c2cedff20999df2af8eb42d56 -> 
========================================================================
Received Prepare
Registering precompiled user dll's ...
Registered in 0.013250 seconds.
Begin MonoManager ReloadAssembly
Symbol file LoadedFromMemory doesn't match image C:\Users\De_Mirage\Desktop\Other\Projects i guess\Backroom Git\Backroom\Summer Game 2022\Library\PackageCache\com.unity.visualscripting@1.7.6\Editor\VisualScripting.Core\Dependencies\YamlDotNet\Unity.VisualScripting.YamlDotNet.dll
Symbol file LoadedFromMemory is not a mono symbol file
Symbol file LoadedFromMemory doesn't match image C:\Users\De_Mirage\Desktop\Other\Projects i guess\Backroom Git\Backroom\Summer Game 2022\Library\PackageCache\com.unity.visualscripting@1.7.6\Editor\VisualScripting.Core\Dependencies\DotNetZip\Unity.VisualScripting.IonicZip.dll
Native extension for UWP target not found
Native extension for WindowsStandalone target not found
Native extension for Android target not found
Native extension for WebGL target not found
Refreshing native plugins compatible for Editor in 1.25 ms, found 3 plugins.
Preloading 0 native plugins for Editor in 0.00 ms.
Instance of FusionRoot couldn't be created because there is no script with that name.
UnityEngine.StackTraceUtility:ExtractStackTrace ()
UnityEngine.ScriptableObject:CreateInstance (string)
KS.SceneFusion.sfPaths:FindFusionRoot ()
KS.SceneFusion.sfPaths:get_FusionRoot ()
KS.SceneFusion.Client.Editor.PluginExtensionManager:GetAsmdefAssetPath (string)
KS.SceneFusion.Client.Editor.PluginExtensionManager:UpdateReferencesToPluginAssemblies (string,string[],bool)
KS.SceneFusion.API.sfUtility:RemovePluginReferences (string,string[])
KS.SceneFusion.Extensions.ProBuilderExtension:.cctor () (at Assets/KinematicSoup/SceneFusion/Extensions/ProBuilder/Editor/ProBuilderExtension.cs:294)
System.Runtime.CompilerServices.RuntimeHelpers:RunClassConstructor (System.RuntimeTypeHandle)
UnityEditor.EditorAssemblies:ProcessInitializeOnLoadAttributes (System.Type[])

[Assets/KinematicSoup/SceneFusion/Extensions/ProBuilder/Editor/ProBuilderExtension.cs line 294]

[ERROR; KS.SceneFusion.sfPaths] Error detecting Scene Fusion folder: Unable to load script FusionRoot. Setting Scene Fusion folder to Assets/KinematicSoup/SceneFusion/
UnityEngine.StackTraceUtility:ExtractStackTrace ()
UnityEngine.DebugLogHandler:LogFormat (UnityEngine.LogType,UnityEngine.Object,string,object[])
UnityEngine.Logger:Log (UnityEngine.LogType,object,UnityEngine.Object)
UnityEngine.Debug:LogError (object,UnityEngine.Object)
KS.Reactor.ksLog:LogToUnity (KS.Reactor.ksLog/Level,string,string,object,int,int)
KS.Reactor.ksLog:LogToUnity (KS.Reactor.ksLog/Level,string,string,System.Exception,object)
KS.Reactor.ksLog:HandleLog (string,string,string,System.Exception,KS.Reactor.ksLog/Level,object)
KS.Reactor.ksLog:Log<string> (string,string,System.Exception,KS.Reactor.ksLog/Level,object)
KS.Reactor.ksLog:Error<string> (string,string)
KS.SceneFusion.sfPaths:UseDefaultFusionFolder (string)
KS.SceneFusion.sfPaths:FindFusionRoot ()
KS.SceneFusion.sfPaths:get_FusionRoot ()
KS.SceneFusion.Client.Editor.PluginExtensionManager:GetAsmdefAssetPath (string)
KS.SceneFusion.Client.Editor.PluginExtensionManager:UpdateReferencesToPluginAssemblies (string,string[],bool)
KS.SceneFusion.API.sfUtility:RemovePluginReferences (string,string[])
KS.SceneFusion.Extensions.ProBuilderExtension:.cctor () (at Assets/KinematicSoup/SceneFusion/Extensions/ProBuilder/Editor/ProBuilderExtension.cs:294)
System.Runtime.CompilerServices.RuntimeHelpers:RunClassConstructor (System.RuntimeTypeHandle)
UnityEditor.EditorAssemblies:ProcessInitializeOnLoadAttributes (System.Type[])

(Filename: Assets/KinematicSoup/SceneFusion/Extensions/ProBuilder/Editor/ProBuilderExtension.cs Line: 294)

Mono: successfully reloaded assembly
- Completed reload, in  1.871 seconds
Domain Reload Profiling:
	ReloadAssembly (1871ms)
		BeginReloadAssembly (201ms)
			ExecutionOrderSort (0ms)
			DisableScriptedObjects (6ms)
			BackupInstance (0ms)
			ReleaseScriptingObjects (0ms)
			CreateAndSetChildDomain (56ms)
		EndReloadAssembly (1523ms)
			LoadAssemblies (144ms)
			RebuildTransferFunctionScriptingTraits (0ms)
			SetupTypeCache (456ms)
			ReleaseScriptCaches (3ms)
			RebuildScriptCaches (112ms)
			SetupLoadedEditorAssemblies (690ms)
				LogAssemblyErrors (0ms)
				InitializePlatformSupportModulesInManaged (38ms)
				SetLoadedEditorAssemblies (1ms)
				RefreshPlugins (1ms)
				BeforeProcessingInitializeOnLoad (156ms)
				ProcessInitializeOnLoadAttributes (432ms)
				ProcessInitializeOnLoadMethodAttributes (44ms)
				AfterProcessingInitializeOnLoad (17ms)
				EditorAssembliesLoaded (0ms)
			ExecutionOrderSort2 (0ms)
			AwakeInstancesAfterBackupRestoration (20ms)
Platform modules already initialized, skipping
Refreshing native plugins compatible for Editor in 4.57 ms, found 3 plugins.
Preloading 0 native plugins for Editor in 0.00 ms.
Unloading 5804 Unused Serialized files (Serialized files now loaded: 0)
Unloading 55 unused Assets / (4.0 MB). Loaded Objects now: 6599.
Memory consumption went from 262.7 MB to 258.7 MB.
Total: 7.986100 ms (FindLiveObjects: 0.775400 ms CreateObjectMapping: 0.659600 ms MarkObjects: 5.203900 ms  DeleteObjects: 1.345600 ms)

AssetImportParameters requested are different than current active one (requested -> active):
  custom:video-decoder-ogg-theora: a1e56fd34408186e4bbccfd4996cb3dc -> 
  custom:container-muxer-webm: aa71ff27fc2769a1b78a27578f13a17b -> 
  custom:container-demuxer-webm: 4f35f7cbe854078d1ac9338744f61a02 -> 
  custom:video-encoder-webm-vp8: eb34c28f22e8b96e1ab97ce403110664 -> 
  custom:audio-encoder-webm-vorbis: bf7c407c2cedff20999df2af8eb42d56 -> 
  custom:framework-win-MediaFoundation: 216162199b28c13a410421893ffa2e32 -> 
  custom:container-demuxer-ogg: 62fdf1f143b41e24485cea50d1cbac27 -> 
  custom:video-decoder-webm-vp8: 9c59270c3fd7afecdb556c50c9e8de78 -> 
  custom:audio-decoder-ogg-vorbis: bf7c407c2cedff20999df2af8eb42d56 -> 
========================================================================
Received Prepare
Registering precompiled user dll's ...
Registered in 0.012858 seconds.
Begin MonoManager ReloadAssembly
Symbol file LoadedFromMemory doesn't match image C:\Users\De_Mirage\Desktop\Other\Projects i guess\Backroom Git\Backroom\Summer Game 2022\Library\PackageCache\com.unity.visualscripting@1.7.6\Editor\VisualScripting.Core\Dependencies\YamlDotNet\Unity.VisualScripting.YamlDotNet.dll
Symbol file LoadedFromMemory is not a mono symbol file
Symbol file LoadedFromMemory doesn't match image C:\Users\De_Mirage\Desktop\Other\Projects i guess\Backroom Git\Backroom\Summer Game 2022\Library\PackageCache\com.unity.visualscripting@1.7.6\Editor\VisualScripting.Core\Dependencies\DotNetZip\Unity.VisualScripting.IonicZip.dll
Native extension for UWP target not found
Native extension for WindowsStandalone target not found
Native extension for Android target not found
Native extension for WebGL target not found
Refreshing native plugins compatible for Editor in 2.02 ms, found 3 plugins.
Preloading 0 native plugins for Editor in 0.00 ms.
Instance of FusionRoot couldn't be created because there is no script with that name.
UnityEngine.StackTraceUtility:ExtractStackTrace ()
UnityEngine.ScriptableObject:CreateInstance (string)
KS.SceneFusion.sfPaths:FindFusionRoot ()
KS.SceneFusion.sfPaths:get_FusionRoot ()
KS.SceneFusion.Client.Editor.PluginExtensionManager:GetAsmdefAssetPath (string)
KS.SceneFusion.Client.Editor.PluginExtensionManager:UpdateReferencesToPluginAssemblies (string,string[],bool)
KS.SceneFusion.API.sfUtility:RemovePluginReferences (string,string[])
KS.SceneFusion.Extensions.ProBuilderExtension:.cctor () (at Assets/KinematicSoup/SceneFusion/Extensions/ProBuilder/Editor/ProBuilderExtension.cs:294)
System.Runtime.CompilerServices.RuntimeHelpers:RunClassConstructor (System.RuntimeTypeHandle)
UnityEditor.EditorAssemblies:ProcessInitializeOnLoadAttributes (System.Type[])

[Assets/KinematicSoup/SceneFusion/Extensions/ProBuilder/Editor/ProBuilderExtension.cs line 294]

[ERROR; KS.SceneFusion.sfPaths] Error detecting Scene Fusion folder: Unable to load script FusionRoot. Setting Scene Fusion folder to Assets/KinematicSoup/SceneFusion/
UnityEngine.StackTraceUtility:ExtractStackTrace ()
UnityEngine.DebugLogHandler:LogFormat (UnityEngine.LogType,UnityEngine.Object,string,object[])
UnityEngine.Logger:Log (UnityEngine.LogType,object,UnityEngine.Object)
UnityEngine.Debug:LogError (object,UnityEngine.Object)
KS.Reactor.ksLog:LogToUnity (KS.Reactor.ksLog/Level,string,string,object,int,int)
KS.Reactor.ksLog:LogToUnity (KS.Reactor.ksLog/Level,string,string,System.Exception,object)
KS.Reactor.ksLog:HandleLog (string,string,string,System.Exception,KS.Reactor.ksLog/Level,object)
KS.Reactor.ksLog:Log<string> (string,string,System.Exception,KS.Reactor.ksLog/Level,object)
KS.Reactor.ksLog:Error<string> (string,string)
KS.SceneFusion.sfPaths:UseDefaultFusionFolder (string)
KS.SceneFusion.sfPaths:FindFusionRoot ()
KS.SceneFusion.sfPaths:get_FusionRoot ()
KS.SceneFusion.Client.Editor.PluginExtensionManager:GetAsmdefAssetPath (string)
KS.SceneFusion.Client.Editor.PluginExtensionManager:UpdateReferencesToPluginAssemblies (string,string[],bool)
KS.SceneFusion.API.sfUtility:RemovePluginReferences (string,string[])
KS.SceneFusion.Extensions.ProBuilderExtension:.cctor () (at Assets/KinematicSoup/SceneFusion/Extensions/ProBuilder/Editor/ProBuilderExtension.cs:294)
System.Runtime.CompilerServices.RuntimeHelpers:RunClassConstructor (System.RuntimeTypeHandle)
UnityEditor.EditorAssemblies:ProcessInitializeOnLoadAttributes (System.Type[])

(Filename: Assets/KinematicSoup/SceneFusion/Extensions/ProBuilder/Editor/ProBuilderExtension.cs Line: 294)

Mono: successfully reloaded assembly
- Completed reload, in  1.919 seconds
Domain Reload Profiling:
	ReloadAssembly (1920ms)
		BeginReloadAssembly (198ms)
			ExecutionOrderSort (0ms)
			DisableScriptedObjects (7ms)
			BackupInstance (0ms)
			ReleaseScriptingObjects (0ms)
			CreateAndSetChildDomain (51ms)
		EndReloadAssembly (1573ms)
			LoadAssemblies (143ms)
			RebuildTransferFunctionScriptingTraits (0ms)
			SetupTypeCache (482ms)
			ReleaseScriptCaches (3ms)
			RebuildScriptCaches (108ms)
			SetupLoadedEditorAssemblies (696ms)
				LogAssemblyErrors (0ms)
				InitializePlatformSupportModulesInManaged (36ms)
				SetLoadedEditorAssemblies (1ms)
				RefreshPlugins (2ms)
				BeforeProcessingInitializeOnLoad (159ms)
				ProcessInitializeOnLoadAttributes (435ms)
				ProcessInitializeOnLoadMethodAttributes (47ms)
				AfterProcessingInitializeOnLoad (16ms)
				EditorAssembliesLoaded (0ms)
			ExecutionOrderSort2 (0ms)
			AwakeInstancesAfterBackupRestoration (21ms)
Platform modules already initialized, skipping
Refreshing native plugins compatible for Editor in 3.18 ms, found 3 plugins.
Preloading 0 native plugins for Editor in 0.00 ms.
Unloading 5804 Unused Serialized files (Serialized files now loaded: 0)
Unloading 55 unused Assets / (4.0 MB). Loaded Objects now: 6602.
Memory consumption went from 262.7 MB to 258.7 MB.
Total: 7.370600 ms (FindLiveObjects: 0.781000 ms CreateObjectMapping: 0.227300 ms MarkObjects: 5.091400 ms  DeleteObjects: 1.269300 ms)

AssetImportParameters requested are different than current active one (requested -> active):
  custom:video-decoder-ogg-theora: a1e56fd34408186e4bbccfd4996cb3dc -> 
  custom:container-muxer-webm: aa71ff27fc2769a1b78a27578f13a17b -> 
  custom:container-demuxer-webm: 4f35f7cbe854078d1ac9338744f61a02 -> 
  custom:video-encoder-webm-vp8: eb34c28f22e8b96e1ab97ce403110664 -> 
  custom:audio-encoder-webm-vorbis: bf7c407c2cedff20999df2af8eb42d56 -> 
  custom:framework-win-MediaFoundation: 216162199b28c13a410421893ffa2e32 -> 
  custom:container-demuxer-ogg: 62fdf1f143b41e24485cea50d1cbac27 -> 
  custom:video-decoder-webm-vp8: 9c59270c3fd7afecdb556c50c9e8de78 -> 
  custom:audio-decoder-ogg-vorbis: bf7c407c2cedff20999df2af8eb42d56 -> 
========================================================================
Received Prepare
Registering precompiled user dll's ...
Registered in 0.013025 seconds.
Begin MonoManager ReloadAssembly
Symbol file LoadedFromMemory doesn't match image C:\Users\De_Mirage\Desktop\Other\Projects i guess\Backroom Git\Backroom\Summer Game 2022\Library\PackageCache\com.unity.visualscripting@1.7.6\Editor\VisualScripting.Core\Dependencies\YamlDotNet\Unity.VisualScripting.YamlDotNet.dll
Symbol file LoadedFromMemory is not a mono symbol file
Symbol file LoadedFromMemory doesn't match image C:\Users\De_Mirage\Desktop\Other\Projects i guess\Backroom Git\Backroom\Summer Game 2022\Library\PackageCache\com.unity.visualscripting@1.7.6\Editor\VisualScripting.Core\Dependencies\DotNetZip\Unity.VisualScripting.IonicZip.dll
Native extension for UWP target not found
Native extension for WindowsStandalone target not found
Native extension for Android target not found
Native extension for WebGL target not found
Refreshing native plugins compatible for Editor in 1.57 ms, found 3 plugins.
Preloading 0 native plugins for Editor in 0.00 ms.
Instance of FusionRoot couldn't be created because there is no script with that name.
UnityEngine.StackTraceUtility:ExtractStackTrace ()
UnityEngine.ScriptableObject:CreateInstance (string)
KS.SceneFusion.sfPaths:FindFusionRoot ()
KS.SceneFusion.sfPaths:get_FusionRoot ()
KS.SceneFusion.Client.Editor.PluginExtensionManager:GetAsmdefAssetPath (string)
KS.SceneFusion.Client.Editor.PluginExtensionManager:UpdateReferencesToPluginAssemblies (string,string[],bool)
KS.SceneFusion.API.sfUtility:RemovePluginReferences (string,string[])
KS.SceneFusion.Extensions.ProBuilderExtension:.cctor () (at Assets/KinematicSoup/SceneFusion/Extensions/ProBuilder/Editor/ProBuilderExtension.cs:294)
System.Runtime.CompilerServices.RuntimeHelpers:RunClassConstructor (System.RuntimeTypeHandle)
UnityEditor.EditorAssemblies:ProcessInitializeOnLoadAttributes (System.Type[])

[Assets/KinematicSoup/SceneFusion/Extensions/ProBuilder/Editor/ProBuilderExtension.cs line 294]

[ERROR; KS.SceneFusion.sfPaths] Error detecting Scene Fusion folder: Unable to load script FusionRoot. Setting Scene Fusion folder to Assets/KinematicSoup/SceneFusion/
UnityEngine.StackTraceUtility:ExtractStackTrace ()
UnityEngine.DebugLogHandler:LogFormat (UnityEngine.LogType,UnityEngine.Object,string,object[])
UnityEngine.Logger:Log (UnityEngine.LogType,object,UnityEngine.Object)
UnityEngine.Debug:LogError (object,UnityEngine.Object)
KS.Reactor.ksLog:LogToUnity (KS.Reactor.ksLog/Level,string,string,object,int,int)
KS.Reactor.ksLog:LogToUnity (KS.Reactor.ksLog/Level,string,string,System.Exception,object)
KS.Reactor.ksLog:HandleLog (string,string,string,System.Exception,KS.Reactor.ksLog/Level,object)
KS.Reactor.ksLog:Log<string> (string,string,System.Exception,KS.Reactor.ksLog/Level,object)
KS.Reactor.ksLog:Error<string> (string,string)
KS.SceneFusion.sfPaths:UseDefaultFusionFolder (string)
KS.SceneFusion.sfPaths:FindFusionRoot ()
KS.SceneFusion.sfPaths:get_FusionRoot ()
KS.SceneFusion.Client.Editor.PluginExtensionManager:GetAsmdefAssetPath (string)
KS.SceneFusion.Client.Editor.PluginExtensionManager:UpdateReferencesToPluginAssemblies (string,string[],bool)
KS.SceneFusion.API.sfUtility:RemovePluginReferences (string,string[])
KS.SceneFusion.Extensions.ProBuilderExtension:.cctor () (at Assets/KinematicSoup/SceneFusion/Extensions/ProBuilder/Editor/ProBuilderExtension.cs:294)
System.Runtime.CompilerServices.RuntimeHelpers:RunClassConstructor (System.RuntimeTypeHandle)
UnityEditor.EditorAssemblies:ProcessInitializeOnLoadAttributes (System.Type[])

(Filename: Assets/KinematicSoup/SceneFusion/Extensions/ProBuilder/Editor/ProBuilderExtension.cs Line: 294)

Mono: successfully reloaded assembly
- Completed reload, in  1.916 seconds
Domain Reload Profiling:
	ReloadAssembly (1917ms)
		BeginReloadAssembly (226ms)
			ExecutionOrderSort (0ms)
			DisableScriptedObjects (8ms)
			BackupInstance (0ms)
			ReleaseScriptingObjects (0ms)
			CreateAndSetChildDomain (64ms)
		EndReloadAssembly (1544ms)
			LoadAssemblies (150ms)
			RebuildTransferFunctionScriptingTraits (0ms)
			SetupTypeCache (480ms)
			ReleaseScriptCaches (3ms)
			RebuildScriptCaches (106ms)
			SetupLoadedEditorAssemblies (666ms)
				LogAssemblyErrors (0ms)
				InitializePlatformSupportModulesInManaged (38ms)
				SetLoadedEditorAssemblies (1ms)
				RefreshPlugins (2ms)
				BeforeProcessingInitializeOnLoad (149ms)
				ProcessInitializeOnLoadAttributes (417ms)
				ProcessInitializeOnLoadMethodAttributes (39ms)
				AfterProcessingInitializeOnLoad (20ms)
				EditorAssembliesLoaded (0ms)
			ExecutionOrderSort2 (0ms)
			AwakeInstancesAfterBackupRestoration (26ms)
Platform modules already initialized, skipping
Refreshing native plugins compatible for Editor in 3.19 ms, found 3 plugins.
Preloading 0 native plugins for Editor in 0.00 ms.
Unloading 5804 Unused Serialized files (Serialized files now loaded: 0)
Unloading 55 unused Assets / (4.0 MB). Loaded Objects now: 6605.
Memory consumption went from 262.7 MB to 258.7 MB.
Total: 6.037200 ms (FindLiveObjects: 0.570900 ms CreateObjectMapping: 0.233100 ms MarkObjects: 3.955000 ms  DeleteObjects: 1.276700 ms)

AssetImportParameters requested are different than current active one (requested -> active):
  custom:video-decoder-ogg-theora: a1e56fd34408186e4bbccfd4996cb3dc -> 
  custom:container-muxer-webm: aa71ff27fc2769a1b78a27578f13a17b -> 
  custom:container-demuxer-webm: 4f35f7cbe854078d1ac9338744f61a02 -> 
  custom:video-encoder-webm-vp8: eb34c28f22e8b96e1ab97ce403110664 -> 
  custom:audio-encoder-webm-vorbis: bf7c407c2cedff20999df2af8eb42d56 -> 
  custom:framework-win-MediaFoundation: 216162199b28c13a410421893ffa2e32 -> 
  custom:container-demuxer-ogg: 62fdf1f143b41e24485cea50d1cbac27 -> 
  custom:video-decoder-webm-vp8: 9c59270c3fd7afecdb556c50c9e8de78 -> 
  custom:audio-decoder-ogg-vorbis: bf7c407c2cedff20999df2af8eb42d56 -> 
========================================================================
Received Prepare
Registering precompiled user dll's ...
Registered in 0.014024 seconds.
Begin MonoManager ReloadAssembly
Symbol file LoadedFromMemory doesn't match image C:\Users\De_Mirage\Desktop\Other\Projects i guess\Backroom Git\Backroom\Summer Game 2022\Library\PackageCache\com.unity.visualscripting@1.7.6\Editor\VisualScripting.Core\Dependencies\YamlDotNet\Unity.VisualScripting.YamlDotNet.dll
Symbol file LoadedFromMemory is not a mono symbol file
Symbol file LoadedFromMemory doesn't match image C:\Users\De_Mirage\Desktop\Other\Projects i guess\Backroom Git\Backroom\Summer Game 2022\Library\PackageCache\com.unity.visualscripting@1.7.6\Editor\VisualScripting.Core\Dependencies\DotNetZip\Unity.VisualScripting.IonicZip.dll
Native extension for UWP target not found
Native extension for WindowsStandalone target not found
Native extension for Android target not found
Native extension for WebGL target not found
Refreshing native plugins compatible for Editor in 1.69 ms, found 3 plugins.
Preloading 0 native plugins for Editor in 0.00 ms.
Instance of FusionRoot couldn't be created because there is no script with that name.
UnityEngine.StackTraceUtility:ExtractStackTrace ()
UnityEngine.ScriptableObject:CreateInstance (string)
KS.SceneFusion.sfPaths:FindFusionRoot ()
KS.SceneFusion.sfPaths:get_FusionRoot ()
KS.SceneFusion.Client.Editor.PluginExtensionManager:GetAsmdefAssetPath (string)
KS.SceneFusion.Client.Editor.PluginExtensionManager:UpdateReferencesToPluginAssemblies (string,string[],bool)
KS.SceneFusion.API.sfUtility:RemovePluginReferences (string,string[])
KS.SceneFusion.Extensions.ProBuilderExtension:.cctor () (at Assets/KinematicSoup/SceneFusion/Extensions/ProBuilder/Editor/ProBuilderExtension.cs:294)
System.Runtime.CompilerServices.RuntimeHelpers:RunClassConstructor (System.RuntimeTypeHandle)
UnityEditor.EditorAssemblies:ProcessInitializeOnLoadAttributes (System.Type[])

[Assets/KinematicSoup/SceneFusion/Extensions/ProBuilder/Editor/ProBuilderExtension.cs line 294]

[ERROR; KS.SceneFusion.sfPaths] Error detecting Scene Fusion folder: Unable to load script FusionRoot. Setting Scene Fusion folder to Assets/KinematicSoup/SceneFusion/
UnityEngine.StackTraceUtility:ExtractStackTrace ()
UnityEngine.DebugLogHandler:LogFormat (UnityEngine.LogType,UnityEngine.Object,string,object[])
UnityEngine.Logger:Log (UnityEngine.LogType,object,UnityEngine.Object)
UnityEngine.Debug:LogError (object,UnityEngine.Object)
KS.Reactor.ksLog:LogToUnity (KS.Reactor.ksLog/Level,string,string,object,int,int)
KS.Reactor.ksLog:LogToUnity (KS.Reactor.ksLog/Level,string,string,System.Exception,object)
KS.Reactor.ksLog:HandleLog (string,string,string,System.Exception,KS.Reactor.ksLog/Level,object)
KS.Reactor.ksLog:Log<string> (string,string,System.Exception,KS.Reactor.ksLog/Level,object)
KS.Reactor.ksLog:Error<string> (string,string)
KS.SceneFusion.sfPaths:UseDefaultFusionFolder (string)
KS.SceneFusion.sfPaths:FindFusionRoot ()
KS.SceneFusion.sfPaths:get_FusionRoot ()
KS.SceneFusion.Client.Editor.PluginExtensionManager:GetAsmdefAssetPath (string)
KS.SceneFusion.Client.Editor.PluginExtensionManager:UpdateReferencesToPluginAssemblies (string,string[],bool)
KS.SceneFusion.API.sfUtility:RemovePluginReferences (string,string[])
KS.SceneFusion.Extensions.ProBuilderExtension:.cctor () (at Assets/KinematicSoup/SceneFusion/Extensions/ProBuilder/Editor/ProBuilderExtension.cs:294)
System.Runtime.CompilerServices.RuntimeHelpers:RunClassConstructor (System.RuntimeTypeHandle)
UnityEditor.EditorAssemblies:ProcessInitializeOnLoadAttributes (System.Type[])

(Filename: Assets/KinematicSoup/SceneFusion/Extensions/ProBuilder/Editor/ProBuilderExtension.cs Line: 294)

Mono: successfully reloaded assembly
- Completed reload, in  1.937 seconds
Domain Reload Profiling:
	ReloadAssembly (1938ms)
		BeginReloadAssembly (209ms)
			ExecutionOrderSort (0ms)
			DisableScriptedObjects (6ms)
			BackupInstance (0ms)
			ReleaseScriptingObjects (0ms)
			CreateAndSetChildDomain (57ms)
		EndReloadAssembly (1591ms)
			LoadAssemblies (144ms)
			RebuildTransferFunctionScriptingTraits (0ms)
			SetupTypeCache (527ms)
			ReleaseScriptCaches (4ms)
			RebuildScriptCaches (98ms)
			SetupLoadedEditorAssemblies (657ms)
				LogAssemblyErrors (0ms)
				InitializePlatformSupportModulesInManaged (40ms)
				SetLoadedEditorAssemblies (1ms)
				RefreshPlugins (2ms)
				BeforeProcessingInitializeOnLoad (147ms)
				ProcessInitializeOnLoadAttributes (414ms)
				ProcessInitializeOnLoadMethodAttributes (39ms)
				AfterProcessingInitializeOnLoad (15ms)
				EditorAssembliesLoaded (0ms)
			ExecutionOrderSort2 (0ms)
			AwakeInstancesAfterBackupRestoration (25ms)
Platform modules already initialized, skipping
Refreshing native plugins compatible for Editor in 4.24 ms, found 3 plugins.
Preloading 0 native plugins for Editor in 0.00 ms.
Unloading 5804 Unused Serialized files (Serialized files now loaded: 0)
Unloading 55 unused Assets / (4.0 MB). Loaded Objects now: 6608.
Memory consumption went from 262.7 MB to 258.7 MB.
Total: 9.664000 ms (FindLiveObjects: 0.935900 ms CreateObjectMapping: 0.801900 ms MarkObjects: 6.517600 ms  DeleteObjects: 1.406500 ms)

AssetImportParameters requested are different than current active one (requested -> active):
  custom:video-decoder-ogg-theora: a1e56fd34408186e4bbccfd4996cb3dc -> 
  custom:container-muxer-webm: aa71ff27fc2769a1b78a27578f13a17b -> 
  custom:container-demuxer-webm: 4f35f7cbe854078d1ac9338744f61a02 -> 
  custom:video-encoder-webm-vp8: eb34c28f22e8b96e1ab97ce403110664 -> 
  custom:audio-encoder-webm-vorbis: bf7c407c2cedff20999df2af8eb42d56 -> 
  custom:framework-win-MediaFoundation: 216162199b28c13a410421893ffa2e32 -> 
  custom:container-demuxer-ogg: 62fdf1f143b41e24485cea50d1cbac27 -> 
  custom:video-decoder-webm-vp8: 9c59270c3fd7afecdb556c50c9e8de78 -> 
  custom:audio-decoder-ogg-vorbis: bf7c407c2cedff20999df2af8eb42d56 -> 
